Flow report for sample_ledcount
Fri Nov 08 19:18:12 2019
Quartus Prime Version 17.1.1 Internal Build 593 12/11/2017 SJ Standard Edition


---------------------
; Table of Contents ;
---------------------
  1. Legal Notice
  2. Flow Summary
  3. Flow Settings
  4. Flow Non-Default Global Settings
  5. Flow Elapsed Time
  6. Flow OS Summary
  7. Flow Log
  8. Flow Messages
  9. Flow Suppressed Messages



----------------
; Legal Notice ;
----------------
Copyright (C) 2017  Intel Corporation. All rights reserved.
Your use of Intel Corporation's design tools, logic functions 
and other software and tools, and its AMPP partner logic 
functions, and any output files from any of the foregoing 
(including device programming or simulation files), and any 
associated documentation or information are expressly subject 
to the terms and conditions of the Intel Program License 
Subscription Agreement, the Intel Quartus Prime License Agreement,
the Intel FPGA IP License Agreement, or other applicable license
agreement, including, without limitation, that your use is for
the sole purpose of programming logic devices manufactured by
Intel and sold by Intel or its authorized distributors.  Please
refer to the applicable agreement for further details.



+-----------------------------------------------------------------------------------------------+
; Flow Summary                                                                                  ;
+------------------------------------+----------------------------------------------------------+
; Flow Status                        ; Successful - Fri Nov 08 19:18:06 2019                    ;
; Quartus Prime Version              ; 17.1.1 Internal Build 593 12/11/2017 SJ Standard Edition ;
; Revision Name                      ; sample_ledcount                                          ;
; Top-level Entity Name              ; sample_ledcount                                          ;
; Family                             ; MAX 10                                                   ;
; Device                             ; 10M08SCE144C8G                                           ;
; Timing Models                      ; Final                                                    ;
; Total logic elements               ; 175 / 8,064 ( 2 % )                                      ;
;     Total combinational functions  ; 175 / 8,064 ( 2 % )                                      ;
;     Dedicated logic registers      ; 42 / 8,064 ( < 1 % )                                     ;
; Total registers                    ; 42                                                       ;
; Total pins                         ; 70 / 101 ( 69 % )                                        ;
; Total virtual pins                 ; 0                                                        ;
; Total memory bits                  ; 0 / 387,072 ( 0 % )                                      ;
; Embedded Multiplier 9-bit elements ; 0 / 48 ( 0 % )                                           ;
; Total PLLs                         ; 0 / 1 ( 0 % )                                            ;
; UFM blocks                         ; 0 / 1 ( 0 % )                                            ;
; ADC blocks                         ; 0                                                        ;
+------------------------------------+----------------------------------------------------------+


+-----------------------------------------+
; Flow Settings                           ;
+-------------------+---------------------+
; Option            ; Setting             ;
+-------------------+---------------------+
; Start date & time ; 11/08/2019 19:17:27 ;
; Main task         ; Compilation         ;
; Revision Name     ; sample_ledcount     ;
+-------------------+---------------------+


+-------------------------------------------------------------------------------------------------------------------------+
; Flow Non-Default Global Settings                                                                                        ;
+-------------------------------------+----------------------------------------+---------------+-------------+------------+
; Assignment Name                     ; Value                                  ; Default Value ; Entity Name ; Section Id ;
+-------------------------------------+----------------------------------------+---------------+-------------+------------+
; COMPILER_SIGNATURE_ID               ; 53849985591009.157320824714456         ; --            ; --          ; --         ;
; FLOW_ENABLE_POWER_ANALYZER          ; On                                     ; Off           ; --          ; --         ;
; MAX_CORE_JUNCTION_TEMP              ; 85                                     ; --            ; --          ; --         ;
; MIN_CORE_JUNCTION_TEMP              ; 0                                      ; --            ; --          ; --         ;
; OUTPUT_IO_TIMING_FAR_END_VMEAS      ; Half Signal Swing                      ; --            ; --          ; --         ;
; OUTPUT_IO_TIMING_FAR_END_VMEAS      ; Half Signal Swing                      ; --            ; --          ; --         ;
; OUTPUT_IO_TIMING_NEAR_END_VMEAS     ; Half Vccio                             ; --            ; --          ; --         ;
; OUTPUT_IO_TIMING_NEAR_END_VMEAS     ; Half Vccio                             ; --            ; --          ; --         ;
; PARTITION_COLOR                     ; -- (Not supported for targeted family) ; --            ; --          ; Top        ;
; PARTITION_FITTER_PRESERVATION_LEVEL ; -- (Not supported for targeted family) ; --            ; --          ; Top        ;
; PARTITION_NETLIST_TYPE              ; -- (Not supported for targeted family) ; --            ; --          ; Top        ;
; POWER_BOARD_THERMAL_MODEL           ; None (CONSERVATIVE)                    ; --            ; --          ; --         ;
; POWER_DEFAULT_INPUT_IO_TOGGLE_RATE  ; 12.5 %                                 ; 12.5%         ; --          ; --         ;
; POWER_PRESET_COOLING_SOLUTION       ; 23 MM HEAT SINK WITH 200 LFPM AIRFLOW  ; --            ; --          ; --         ;
; PROJECT_OUTPUT_DIRECTORY            ; output_files                           ; --            ; --          ; --         ;
+-------------------------------------+----------------------------------------+---------------+-------------+------------+


+-------------------------------------------------------------------------------------------------------------------------------+
; Flow Elapsed Time                                                                                                             ;
+---------------------------+--------------+-------------------------+---------------------+------------------------------------+
; Module Name               ; Elapsed Time ; Average Processors Used ; Peak Virtual Memory ; Total CPU Time (on all processors) ;
+---------------------------+--------------+-------------------------+---------------------+------------------------------------+
; Analysis & Synthesis      ; 00:00:17     ; 1.0                     ; 4797 MB             ; 00:00:34                           ;
; Fitter                    ; 00:00:12     ; 1.0                     ; 5587 MB             ; 00:00:10                           ;
; Assembler                 ; 00:00:02     ; 1.0                     ; 4677 MB             ; 00:00:01                           ;
; Power Analyzer            ; 00:00:04     ; 1.0                     ; 4823 MB             ; 00:00:04                           ;
; TimeQuest Timing Analyzer ; 00:00:05     ; 1.1                     ; 4782 MB             ; 00:00:04                           ;
; Total                     ; 00:00:40     ; --                      ; --                  ; 00:00:53                           ;
+---------------------------+--------------+-------------------------+---------------------+------------------------------------+


+-----------------------------------------------------------------------------------------+
; Flow OS Summary                                                                         ;
+---------------------------+------------------+------------+------------+----------------+
; Module Name               ; Machine Hostname ; OS Name    ; OS Version ; Processor type ;
+---------------------------+------------------+------------+------------+----------------+
; Analysis & Synthesis      ; BRUENNHILDE      ; Windows 10 ; 10.0       ; x86_64         ;
; Fitter                    ; BRUENNHILDE      ; Windows 10 ; 10.0       ; x86_64         ;
; Assembler                 ; BRUENNHILDE      ; Windows 10 ; 10.0       ; x86_64         ;
; Power Analyzer            ; BRUENNHILDE      ; Windows 10 ; 10.0       ; x86_64         ;
; TimeQuest Timing Analyzer ; BRUENNHILDE      ; Windows 10 ; 10.0       ; x86_64         ;
+---------------------------+------------------+------------+------------+----------------+


------------
; Flow Log ;
------------
quartus_map --read_settings_files=on --write_settings_files=off sample_ledcount -c sample_ledcount
quartus_fit --read_settings_files=off --write_settings_files=off sample_ledcount -c sample_ledcount
quartus_asm --read_settings_files=off --write_settings_files=off sample_ledcount -c sample_ledcount
quartus_pow --read_settings_files=off --write_settings_files=off sample_ledcount -c sample_ledcount
quartus_sta sample_ledcount -c sample_ledcount



