Assembler report for sample_ledcount
Fri Nov 08 19:18:01 2019
Quartus Prime Version 17.1.1 Internal Build 593 12/11/2017 SJ Standard Edition


---------------------
; Table of Contents ;
---------------------
  1. Legal Notice
  2. Assembler Summary
  3. Assembler Settings
  4. Assembler Generated Files
  5. Assembler Device Options: C:/PROJECT/c87_sodalite/CARD/fpga/sample_ledcount/output_files/sample_ledcount.sof
  6. Assembler Messages



----------------
; Legal Notice ;
----------------
Copyright (C) 2017  Intel Corporation. All rights reserved.
Your use of Intel Corporation's design tools, logic functions 
and other software and tools, and its AMPP partner logic 
functions, and any output files from any of the foregoing 
(including device programming or simulation files), and any 
associated documentation or information are expressly subject 
to the terms and conditions of the Intel Program License 
Subscription Agreement, the Intel Quartus Prime License Agreement,
the Intel FPGA IP License Agreement, or other applicable license
agreement, including, without limitation, that your use is for
the sole purpose of programming logic devices manufactured by
Intel and sold by Intel or its authorized distributors.  Please
refer to the applicable agreement for further details.



+---------------------------------------------------------------+
; Assembler Summary                                             ;
+-----------------------+---------------------------------------+
; Assembler Status      ; Successful - Fri Nov 08 19:18:01 2019 ;
; Revision Name         ; sample_ledcount                       ;
; Top-level Entity Name ; sample_ledcount                       ;
; Family                ; MAX 10                                ;
; Device                ; 10M08SCE144C8G                        ;
+-----------------------+---------------------------------------+


+----------------------------------+
; Assembler Settings               ;
+--------+---------+---------------+
; Option ; Setting ; Default Value ;
+--------+---------+---------------+


+------------------------------------------------------------------------------------+
; Assembler Generated Files                                                          ;
+------------------------------------------------------------------------------------+
; File Name                                                                          ;
+------------------------------------------------------------------------------------+
; C:/PROJECT/c87_sodalite/CARD/fpga/sample_ledcount/output_files/sample_ledcount.sof ;
+------------------------------------------------------------------------------------+


+--------------------------------------------------------------------------------------------------------------+
; Assembler Device Options: C:/PROJECT/c87_sodalite/CARD/fpga/sample_ledcount/output_files/sample_ledcount.sof ;
+----------------+---------------------------------------------------------------------------------------------+
; Option         ; Setting                                                                                     ;
+----------------+---------------------------------------------------------------------------------------------+
; JTAG usercode  ; 0xA0191108                                                                                  ;
; Checksum       ; 0x000A163E                                                                                  ;
+----------------+---------------------------------------------------------------------------------------------+


+--------------------+
; Assembler Messages ;
+--------------------+
Info: *******************************************************************
Info: Running Quartus Prime Assembler
    Info: Version 17.1.1 Internal Build 593 12/11/2017 SJ Standard Edition
    Info: Processing started: Fri Nov 08 19:17:59 2019
Info: Command: quartus_asm --read_settings_files=off --write_settings_files=off sample_ledcount -c sample_ledcount
Warning (18236): Number of processors has not been specified which may cause overloading on shared machines.  Set the global assignment NUM_PARALLEL_PROCESSORS in your QSF to an appropriate value for best performance.
Info (115031): Writing out detailed assembly data for power analysis
Info (115030): Assembler is generating device programming files
Info: Quartus Prime Assembler was successful. 0 errors, 1 warning
    Info: Peak virtual memory: 4678 megabytes
    Info: Processing ended: Fri Nov 08 19:18:01 2019
    Info: Elapsed time: 00:00:02
    Info: Total CPU time (on all processors): 00:00:01


