Flow report for sample_nios2
Fri Jun 28 00:54:23 2019
Quartus Prime Version 17.1.1 Internal Build 593 12/11/2017 SJ Standard Edition


---------------------
; Table of Contents ;
---------------------
  1. Legal Notice
  2. Flow Summary
  3. Flow Settings
  4. Flow Non-Default Global Settings
  5. Flow Elapsed Time
  6. Flow OS Summary
  7. Flow Log
  8. Flow Messages
  9. Flow Suppressed Messages



----------------
; Legal Notice ;
----------------
Copyright (C) 2017  Intel Corporation. All rights reserved.
Your use of Intel Corporation's design tools, logic functions 
and other software and tools, and its AMPP partner logic 
functions, and any output files from any of the foregoing 
(including device programming or simulation files), and any 
associated documentation or information are expressly subject 
to the terms and conditions of the Intel Program License 
Subscription Agreement, the Intel Quartus Prime License Agreement,
the Intel FPGA IP License Agreement, or other applicable license
agreement, including, without limitation, that your use is for
the sole purpose of programming logic devices manufactured by
Intel and sold by Intel or its authorized distributors.  Please
refer to the applicable agreement for further details.



+-----------------------------------------------------------------------------------------------+
; Flow Summary                                                                                  ;
+------------------------------------+----------------------------------------------------------+
; Flow Status                        ; Successful - Fri Jun 28 00:54:11 2019                    ;
; Quartus Prime Version              ; 17.1.1 Internal Build 593 12/11/2017 SJ Standard Edition ;
; Revision Name                      ; sample_nios2                                             ;
; Top-level Entity Name              ; sample_nios2                                             ;
; Family                             ; MAX 10                                                   ;
; Device                             ; 10M08SCE144C8G                                           ;
; Timing Models                      ; Final                                                    ;
; Total logic elements               ; 3,208 / 8,064 ( 40 % )                                   ;
;     Total combinational functions  ; 2,986 / 8,064 ( 37 % )                                   ;
;     Dedicated logic registers      ; 1,753 / 8,064 ( 22 % )                                   ;
; Total registers                    ; 1768                                                     ;
; Total pins                         ; 70 / 101 ( 69 % )                                        ;
; Total virtual pins                 ; 0                                                        ;
; Total memory bits                  ; 142,336 / 387,072 ( 37 % )                               ;
; Embedded Multiplier 9-bit elements ; 0 / 48 ( 0 % )                                           ;
; Total PLLs                         ; 1 / 1 ( 100 % )                                          ;
; UFM blocks                         ; 1 / 1 ( 100 % )                                          ;
; ADC blocks                         ; 0                                                        ;
+------------------------------------+----------------------------------------------------------+


+-----------------------------------------+
; Flow Settings                           ;
+-------------------+---------------------+
; Option            ; Setting             ;
+-------------------+---------------------+
; Start date & time ; 06/28/2019 00:52:11 ;
; Main task         ; Compilation         ;
; Revision Name     ; sample_nios2        ;
+-------------------+---------------------+


+------------------------------------------------------------------------------------------------------------------------------------------------------+
; Flow Non-Default Global Settings                                                                                                                     ;
+-------------------------------------+-------------------------------------------------------------+---------------+---------------------+------------+
; Assignment Name                     ; Value                                                       ; Default Value ; Entity Name         ; Section Id ;
+-------------------------------------+-------------------------------------------------------------+---------------+---------------------+------------+
; COMPILER_SIGNATURE_ID               ; 53849985591009.156165072910536                              ; --            ; --                  ; --         ;
; FLOW_ENABLE_POWER_ANALYZER          ; On                                                          ; Off           ; --                  ; --         ;
; MAX_CORE_JUNCTION_TEMP              ; 85                                                          ; --            ; --                  ; --         ;
; MESSAGE_DISABLE                     ; 332060                                                      ; --            ; altera_onchip_flash ; --         ;
; MIN_CORE_JUNCTION_TEMP              ; 0                                                           ; --            ; --                  ; --         ;
; MISC_FILE                           ; ip/pll/syspll_inst.vhd                                      ; --            ; --                  ; --         ;
; MISC_FILE                           ; ip/pll/syspll.cmp                                           ; --            ; --                  ; --         ;
; MISC_FILE                           ; ip/pll/syspll.ppf                                           ; --            ; --                  ; --         ;
; MISC_FILE                           ; nios2core/synthesis/../nios2core.cmp                        ; --            ; --                  ; --         ;
; MISC_FILE                           ; nios2core/synthesis/../../nios2core.qsys                    ; --            ; --                  ; --         ;
; OUTPUT_IO_TIMING_FAR_END_VMEAS      ; Half Signal Swing                                           ; --            ; --                  ; --         ;
; OUTPUT_IO_TIMING_FAR_END_VMEAS      ; Half Signal Swing                                           ; --            ; --                  ; --         ;
; OUTPUT_IO_TIMING_NEAR_END_VMEAS     ; Half Vccio                                                  ; --            ; --                  ; --         ;
; OUTPUT_IO_TIMING_NEAR_END_VMEAS     ; Half Vccio                                                  ; --            ; --                  ; --         ;
; PARTITION_COLOR                     ; -- (Not supported for targeted family)                      ; --            ; --                  ; Top        ;
; PARTITION_FITTER_PRESERVATION_LEVEL ; -- (Not supported for targeted family)                      ; --            ; --                  ; Top        ;
; PARTITION_NETLIST_TYPE              ; -- (Not supported for targeted family)                      ; --            ; --                  ; Top        ;
; POWER_BOARD_THERMAL_MODEL           ; None (CONSERVATIVE)                                         ; --            ; --                  ; --         ;
; POWER_DEFAULT_INPUT_IO_TOGGLE_RATE  ; 12.5 %                                                      ; 12.5%         ; --                  ; --         ;
; POWER_PRESET_COOLING_SOLUTION       ; 23 MM HEAT SINK WITH 200 LFPM AIRFLOW                       ; --            ; --                  ; --         ;
; PROJECT_OUTPUT_DIRECTORY            ; output_files                                                ; --            ; --                  ; --         ;
; SLD_FILE                            ; nios2core/synthesis/nios2core.regmap                        ; --            ; --                  ; --         ;
; SLD_FILE                            ; nios2core/synthesis/nios2core.debuginfo                     ; --            ; --                  ; --         ;
; SLD_INFO                            ; QSYS_NAME nios2core HAS_SOPCINFO 1 GENERATION_ID 1561650672 ; --            ; nios2core           ; --         ;
; SOPCINFO_FILE                       ; nios2core/synthesis/../../nios2core.sopcinfo                ; --            ; --                  ; --         ;
; SYNTHESIS_ONLY_QIP                  ; On                                                          ; --            ; --                  ; --         ;
+-------------------------------------+-------------------------------------------------------------+---------------+---------------------+------------+


+-------------------------------------------------------------------------------------------------------------------------------+
; Flow Elapsed Time                                                                                                             ;
+---------------------------+--------------+-------------------------+---------------------+------------------------------------+
; Module Name               ; Elapsed Time ; Average Processors Used ; Peak Virtual Memory ; Total CPU Time (on all processors) ;
+---------------------------+--------------+-------------------------+---------------------+------------------------------------+
; Analysis & Synthesis      ; 00:01:12     ; 1.0                     ; 4975 MB             ; 00:01:47                           ;
; Fitter                    ; 00:00:26     ; 1.3                     ; 5688 MB             ; 00:00:38                           ;
; Assembler                 ; 00:00:04     ; 1.0                     ; 4712 MB             ; 00:00:03                           ;
; Power Analyzer            ; 00:00:08     ; 1.5                     ; 4884 MB             ; 00:00:12                           ;
; TimeQuest Timing Analyzer ; 00:00:10     ; 1.7                     ; 4854 MB             ; 00:00:14                           ;
; Total                     ; 00:02:00     ; --                      ; --                  ; 00:02:54                           ;
+---------------------------+--------------+-------------------------+---------------------+------------------------------------+


+-----------------------------------------------------------------------------------------+
; Flow OS Summary                                                                         ;
+---------------------------+------------------+------------+------------+----------------+
; Module Name               ; Machine Hostname ; OS Name    ; OS Version ; Processor type ;
+---------------------------+------------------+------------+------------+----------------+
; Analysis & Synthesis      ; BRUENNHILDE      ; Windows 10 ; 10.0       ; x86_64         ;
; Fitter                    ; BRUENNHILDE      ; Windows 10 ; 10.0       ; x86_64         ;
; Assembler                 ; BRUENNHILDE      ; Windows 10 ; 10.0       ; x86_64         ;
; Power Analyzer            ; BRUENNHILDE      ; Windows 10 ; 10.0       ; x86_64         ;
; TimeQuest Timing Analyzer ; BRUENNHILDE      ; Windows 10 ; 10.0       ; x86_64         ;
+---------------------------+------------------+------------+------------+----------------+


------------
; Flow Log ;
------------
quartus_map --read_settings_files=on --write_settings_files=off sample_nios2 -c sample_nios2
quartus_fit --read_settings_files=off --write_settings_files=off sample_nios2 -c sample_nios2
quartus_asm --read_settings_files=off --write_settings_files=off sample_nios2 -c sample_nios2
quartus_pow --read_settings_files=off --write_settings_files=off sample_nios2 -c sample_nios2
quartus_sta sample_nios2 -c sample_nios2



